Determining if the pthread_create exist failed with the following output:
Change Dir: /home/garrus/ros/src/vstucar/car_core/build/CMakeFiles/CMakeTmp

Run Build Command:"/usr/bin/make" "cmTC_eb10d/fast"
/usr/bin/make -f CMakeFiles/cmTC_eb10d.dir/build.make CMakeFiles/cmTC_eb10d.dir/build
make[1]: вход в каталог «/home/garrus/ros/src/vstucar/car_core/build/CMakeFiles/CMakeTmp»
Building C object CMakeFiles/cmTC_eb10d.dir/CheckSymbolExists.c.o
/usr/bin/cc     -o CMakeFiles/cmTC_eb10d.dir/CheckSymbolExists.c.o   -c /home/garrus/ros/src/vstucar/car_core/build/CMakeFiles/CMakeTmp/CheckSymbolExists.c
Linking C executable cmTC_eb10d
/usr/bin/cmake -E cmake_link_script CMakeFiles/cmTC_eb10d.dir/link.txt --verbose=1
/usr/bin/cc       CMakeFiles/cmTC_eb10d.dir/CheckSymbolExists.c.o  -o cmTC_eb10d -rdynamic 
CMakeFiles/cmTC_eb10d.dir/CheckSymbolExists.c.o: In function `main':
CheckSymbolExists.c:(.text+0x16): undefined reference to `pthread_create'
collect2: error: ld returned 1 exit status
CMakeFiles/cmTC_eb10d.dir/build.make:97: ошибка выполнения рецепта для цели «cmTC_eb10d»
make[1]: *** [cmTC_eb10d] Ошибка 1
make[1]: выход из каталога «/home/garrus/ros/src/vstucar/car_core/build/CMakeFiles/CMakeTmp»
Makefile:126: ошибка выполнения рецепта для цели «cmTC_eb10d/fast»
make: *** [cmTC_eb10d/fast] Ошибка 2

File /home/garrus/ros/src/vstucar/car_core/build/CMakeFiles/CMakeTmp/CheckSymbolExists.c:
/* */
#include <pthread.h>

int main(int argc, char** argv)
{
  (void)argv;
#ifndef pthread_create
  return ((int*)(&pthread_create))[argc];
#else
  (void)argc;
  return 0;
#endif
}

Determining if the function pthread_create exists in the pthreads failed with the following output:
Change Dir: /home/garrus/ros/src/vstucar/car_core/build/CMakeFiles/CMakeTmp

Run Build Command:"/usr/bin/make" "cmTC_9e134/fast"
/usr/bin/make -f CMakeFiles/cmTC_9e134.dir/build.make CMakeFiles/cmTC_9e134.dir/build
make[1]: вход в каталог «/home/garrus/ros/src/vstucar/car_core/build/CMakeFiles/CMakeTmp»
Building C object CMakeFiles/cmTC_9e134.dir/CheckFunctionExists.c.o
/usr/bin/cc    -DCHECK_FUNCTION_EXISTS=pthread_create   -o CMakeFiles/cmTC_9e134.dir/CheckFunctionExists.c.o   -c /usr/share/cmake-3.5/Modules/CheckFunctionExists.c
Linking C executable cmTC_9e134
/usr/bin/cmake -E cmake_link_script CMakeFiles/cmTC_9e134.dir/link.txt --verbose=1
/usr/bin/cc   -DCHECK_FUNCTION_EXISTS=pthread_create    CMakeFiles/cmTC_9e134.dir/CheckFunctionExists.c.o  -o cmTC_9e134 -rdynamic -lpthreads 
/usr/bin/ld: cannot find -lpthreads
collect2: error: ld returned 1 exit status
CMakeFiles/cmTC_9e134.dir/build.make:97: ошибка выполнения рецепта для цели «cmTC_9e134»
make[1]: *** [cmTC_9e134] Ошибка 1
make[1]: выход из каталога «/home/garrus/ros/src/vstucar/car_core/build/CMakeFiles/CMakeTmp»
Makefile:126: ошибка выполнения рецепта для цели «cmTC_9e134/fast»
make: *** [cmTC_9e134/fast] Ошибка 2


